2015-11-10 15:26:56 10fc InnoDB: Warning: Using innodb_additional_mem_pool_size is DEPRECATED. This option may be removed in future releases, together with the option innodb_use_sys_malloc and with the InnoDB's internal memory allocator.
2015-11-10 15:26:56 4348 [Note] InnoDB: Using mutexes to ref count buffer pool pages
2015-11-10 15:26:56 4348 [Note] InnoDB: The InnoDB memory heap is disabled
2015-11-10 15:26:56 4348 [Note] InnoDB: Mutexes and rw_locks use Windows interlocked functions
2015-11-10 15:26:56 4348 [Note] InnoDB: Memory barrier is not used
2015-11-10 15:26:56 4348 [Note] InnoDB: Compressed tables use zlib 1.2.3
2015-11-10 15:26:56 4348 [Note] InnoDB: Not using CPU crc32 instructions
2015-11-10 15:26:56 4348 [Note] InnoDB: Initializing buffer pool, size = 16.0M
2015-11-10 15:26:56 4348 [Note] InnoDB: Completed initialization of buffer pool
2015-11-10 15:26:56 4348 [Note] InnoDB: Highest supported file format is Barracuda.
2015-11-10 15:26:57 4348 [Note] InnoDB: 128 rollback segment(s) are active.
2015-11-10 15:26:57 4348 [Note] InnoDB: Waiting for purge to start
2015-11-10 15:26:57 4348 [Note] InnoDB:  Percona XtraDB (http://www.percona.com) 5.6.26-74.0 started; log sequence number 1835027
2015-11-10 15:26:57 6140 [Note] InnoDB: Dumping buffer pool(s) not yet started
2015-11-10 15:26:57 4348 [Note] Plugin 'FEEDBACK' is disabled.
2015-11-10 15:26:57 4348 [Note] Server socket created on IP: '::'.
2015-11-10 15:26:57 4348 [Note] Event Scheduler: Loaded 0 events
2015-11-10 15:26:57 4348 [Note] C:\xampp\mysql\bin\mysqld.exe: ready for connections.
Version: '10.1.8-MariaDB'  socket: ''  port: 3306  mariadb.org binary distribution
2015-11-10 15:27:11 5152 [Note] C:\xampp\mysql\bin\mysqld.exe: Normal shutdown

2015-11-10 15:27:11 5152 [Note] Event Scheduler: Purging the queue. 0 events
2015-11-10 15:27:11 5732 [Note] InnoDB: FTS optimize thread exiting.
2015-11-10 15:27:11 5152 [Note] InnoDB: Starting shutdown...
2015-11-10 15:27:13 5152 [Note] InnoDB: Shutdown completed; log sequence number 1835037
2015-11-10 15:27:13 5152 [Note] C:\xampp\mysql\bin\mysqld.exe: Shutdown complete

2021-05-31 14:51:41 1ca4 InnoDB: Warning: Using innodb_additional_mem_pool_size is DEPRECATED. This option may be removed in future releases, together with the option innodb_use_sys_malloc and with the InnoDB's internal memory allocator.
2021-05-31 14:51:41 7332 [Note] InnoDB: innodb_empty_free_list_algorithm has been changed to legacy because of small buffer pool size. In order to use backoff, increase buffer pool at least up to 20MB.

2021-05-31 14:51:41 7332 [Note] InnoDB: Using mutexes to ref count buffer pool pages
2021-05-31 14:51:41 7332 [Note] InnoDB: The InnoDB memory heap is disabled
2021-05-31 14:51:41 7332 [Note] InnoDB: Mutexes and rw_locks use Windows interlocked functions
2021-05-31 14:51:41 7332 [Note] InnoDB: _mm_lfence() and _mm_sfence() are used for memory barrier
2021-05-31 14:51:41 7332 [Note] InnoDB: Compressed tables use zlib 1.2.11
2021-05-31 14:51:41 7332 [Note] InnoDB: Using generic crc32 instructions
2021-05-31 14:51:41 7332 [Note] InnoDB: Initializing buffer pool, size = 16.0M
2021-05-31 14:51:41 7332 [Note] InnoDB: Completed initialization of buffer pool
2021-05-31 14:51:42 7332 [Note] InnoDB: Highest supported file format is Barracuda.
2021-05-31 14:51:46 7332 [Note] InnoDB: 128 rollback segment(s) are active.
2021-05-31 14:51:46 7332 [Note] InnoDB: Waiting for purge to start
2021-05-31 14:51:46 7332 [Note] InnoDB:  Percona XtraDB (http://www.percona.com) 5.6.42-84.2 started; log sequence number 1835037
2021-05-31 14:51:46 7760 [Note] InnoDB: Dumping buffer pool(s) not yet started
2021-05-31 14:51:46 7332 [Note] Plugin 'FEEDBACK' is disabled.
2021-05-31 14:51:46 7332 [Note] Server socket created on IP: '::'.
2021-05-31 14:51:47 7332 [Note] c:\users\boss\desktop\wheat\xampp\mysql\bin\mysqld.exe: ready for connections.
Version: '10.1.38-MariaDB'  socket: ''  port: 3306  mariadb.org binary distribution
2021-06-01 09:13:43 3fc InnoDB: Warning: Using innodb_additional_mem_pool_size is DEPRECATED. This option may be removed in future releases, together with the option innodb_use_sys_malloc and with the InnoDB's internal memory allocator.
2021-06-01  9:13:43 1020 [Note] InnoDB: innodb_empty_free_list_algorithm has been changed to legacy because of small buffer pool size. In order to use backoff, increase buffer pool at least up to 20MB.

2021-06-01  9:13:43 1020 [Note] InnoDB: Using mutexes to ref count buffer pool pages
2021-06-01  9:13:43 1020 [Note] InnoDB: The InnoDB memory heap is disabled
2021-06-01  9:13:43 1020 [Note] InnoDB: Mutexes and rw_locks use Windows interlocked functions
2021-06-01  9:13:43 1020 [Note] InnoDB: _mm_lfence() and _mm_sfence() are used for memory barrier
2021-06-01  9:13:43 1020 [Note] InnoDB: Compressed tables use zlib 1.2.11
2021-06-01  9:13:43 1020 [Note] InnoDB: Using generic crc32 instructions
2021-06-01  9:13:44 1020 [Note] InnoDB: Initializing buffer pool, size = 16.0M
2021-06-01  9:13:44 1020 [Note] InnoDB: Completed initialization of buffer pool
2021-06-01  9:13:45 1020 [Note] InnoDB: Highest supported file format is Barracuda.
2021-06-01  9:13:45 1020 [Note] InnoDB: The log sequence number 1835037 in ibdata file do not match the log sequence number 1835047 in the ib_logfiles!
2021-06-01  9:13:51 1020 [Note] InnoDB: Restoring possible half-written data pages from the doublewrite buffer...
2021-06-01  9:13:57 1020 [Note] InnoDB: 128 rollback segment(s) are active.
2021-06-01  9:13:57 1020 [Note] InnoDB: Waiting for purge to start
2021-06-01  9:13:57 1020 [Note] InnoDB:  Percona XtraDB (http://www.percona.com) 5.6.42-84.2 started; log sequence number 1835047
2021-06-01  9:13:57 7496 [Note] InnoDB: Dumping buffer pool(s) not yet started
2021-06-01  9:13:57 1020 [Note] Plugin 'FEEDBACK' is disabled.
2021-06-01  9:13:57 1020 [Note] Server socket created on IP: '::'.
2021-06-01  9:13:59 1020 [Note] c:\users\boss\desktop\wheat\xampp\mysql\bin\mysqld.exe: ready for connections.
Version: '10.1.38-MariaDB'  socket: ''  port: 3306  mariadb.org binary distribution
2021-06-02 14:23:14 2168 InnoDB: Warning: Using innodb_additional_mem_pool_size is DEPRECATED. This option may be removed in future releases, together with the option innodb_use_sys_malloc and with the InnoDB's internal memory allocator.
2021-06-02 14:23:14 8552 [Note] InnoDB: innodb_empty_free_list_algorithm has been changed to legacy because of small buffer pool size. In order to use backoff, increase buffer pool at least up to 20MB.

2021-06-02 14:23:14 8552 [Note] InnoDB: Using mutexes to ref count buffer pool pages
2021-06-02 14:23:14 8552 [Note] InnoDB: The InnoDB memory heap is disabled
2021-06-02 14:23:14 8552 [Note] InnoDB: Mutexes and rw_locks use Windows interlocked functions
2021-06-02 14:23:14 8552 [Note] InnoDB: _mm_lfence() and _mm_sfence() are used for memory barrier
2021-06-02 14:23:14 8552 [Note] InnoDB: Compressed tables use zlib 1.2.11
2021-06-02 14:23:14 8552 [Note] InnoDB: Using generic crc32 instructions
2021-06-02 14:23:14 8552 [Note] InnoDB: Initializing buffer pool, size = 16.0M
2021-06-02 14:23:14 8552 [Note] InnoDB: Completed initialization of buffer pool
2021-06-02 14:23:15 8552 [Note] InnoDB: Highest supported file format is Barracuda.
2021-06-02 14:23:15 8552 [Note] InnoDB: The log sequence number 1835037 in ibdata file do not match the log sequence number 1835057 in the ib_logfiles!
2021-06-02 14:23:17 8552 [Note] InnoDB: Restoring possible half-written data pages from the doublewrite buffer...
2021-06-02 14:23:18 8552 [Note] InnoDB: 128 rollback segment(s) are active.
2021-06-02 14:23:18 8552 [Note] InnoDB: Waiting for purge to start
2021-06-02 14:23:18 8552 [Note] InnoDB:  Percona XtraDB (http://www.percona.com) 5.6.42-84.2 started; log sequence number 1835057
2021-06-02 14:23:18 8108 [Note] InnoDB: Dumping buffer pool(s) not yet started
2021-06-02 14:23:18 8552 [Note] Plugin 'FEEDBACK' is disabled.
2021-06-02 14:23:18 8552 [Note] Server socket created on IP: '::'.
2021-06-02 14:23:21 8552 [Note] c:\users\boss\desktop\wheat\xampp\mysql\bin\mysqld.exe: ready for connections.
Version: '10.1.38-MariaDB'  socket: ''  port: 3306  mariadb.org binary distribution
2021-06-02 14:47:23 267c InnoDB: Warning: Using innodb_additional_mem_pool_size is DEPRECATED. This option may be removed in future releases, together with the option innodb_use_sys_malloc and with the InnoDB's internal memory allocator.
2021-06-02 14:47:23 9852 [Note] InnoDB: innodb_empty_free_list_algorithm has been changed to legacy because of small buffer pool size. In order to use backoff, increase buffer pool at least up to 20MB.

2021-06-02 14:47:23 9852 [Note] InnoDB: Using mutexes to ref count buffer pool pages
2021-06-02 14:47:23 9852 [Note] InnoDB: The InnoDB memory heap is disabled
2021-06-02 14:47:23 9852 [Note] InnoDB: Mutexes and rw_locks use Windows interlocked functions
2021-06-02 14:47:23 9852 [Note] InnoDB: _mm_lfence() and _mm_sfence() are used for memory barrier
2021-06-02 14:47:23 9852 [Note] InnoDB: Compressed tables use zlib 1.2.11
2021-06-02 14:47:23 9852 [Note] InnoDB: Using generic crc32 instructions
2021-06-02 14:47:23 9852 [Note] InnoDB: Initializing buffer pool, size = 16.0M
2021-06-02 14:47:23 9852 [Note] InnoDB: Completed initialization of buffer pool
2021-06-02 14:47:23 9852 [Note] InnoDB: Highest supported file format is Barracuda.
2021-06-02 14:47:23 9852 [Note] InnoDB: The log sequence number 1835037 in ibdata file do not match the log sequence number 1835067 in the ib_logfiles!
2021-06-02 14:47:24 9852 [Note] InnoDB: Restoring possible half-written data pages from the doublewrite buffer...
2021-06-02 14:49:07 17cc InnoDB: Warning: Using innodb_additional_mem_pool_size is DEPRECATED. This option may be removed in future releases, together with the option innodb_use_sys_malloc and with the InnoDB's internal memory allocator.
2021-06-02 14:49:07 6092 [Note] InnoDB: innodb_empty_free_list_algorithm has been changed to legacy because of small buffer pool size. In order to use backoff, increase buffer pool at least up to 20MB.

2021-06-02 14:49:07 6092 [Note] InnoDB: Using mutexes to ref count buffer pool pages
2021-06-02 14:49:07 6092 [Note] InnoDB: The InnoDB memory heap is disabled
2021-06-02 14:49:07 6092 [Note] InnoDB: Mutexes and rw_locks use Windows interlocked functions
2021-06-02 14:49:07 6092 [Note] InnoDB: _mm_lfence() and _mm_sfence() are used for memory barrier
2021-06-02 14:49:07 6092 [Note] InnoDB: Compressed tables use zlib 1.2.11
2021-06-02 14:49:07 6092 [Note] InnoDB: Using generic crc32 instructions
2021-06-02 14:49:07 6092 [Note] InnoDB: Initializing buffer pool, size = 16.0M
2021-06-02 14:49:07 6092 [Note] InnoDB: Completed initialization of buffer pool
2021-06-02 14:49:08 6092 [Note] InnoDB: Highest supported file format is Barracuda.
2021-06-02 14:49:08 6092 [Note] InnoDB: The log sequence number 1835037 in ibdata file do not match the log sequence number 1835067 in the ib_logfiles!
2021-06-02 14:49:08 6092 [Note] InnoDB: Restoring possible half-written data pages from the doublewrite buffer...
2021-06-02 14:49:09 6092 [Note] InnoDB: 128 rollback segment(s) are active.
2021-06-02 14:49:09 6092 [Note] InnoDB: Waiting for purge to start
2021-06-02 14:49:09 6092 [Note] InnoDB:  Percona XtraDB (http://www.percona.com) 5.6.42-84.2 started; log sequence number 1835067
2021-06-02 14:49:10 8512 [Note] InnoDB: Dumping buffer pool(s) not yet started
2021-06-02 14:49:10 6092 [Note] Plugin 'FEEDBACK' is disabled.
2021-06-02 14:49:10 6092 [Note] Server socket created on IP: '::'.
2021-06-02 14:49:10 6092 [Note] c:\users\boss\desktop\wheat\xampp\mysql\bin\mysqld.exe: ready for connections.
Version: '10.1.38-MariaDB'  socket: ''  port: 3306  mariadb.org binary distribution
2021-06-02 14:52:07 23c0 InnoDB: Warning: Using innodb_additional_mem_pool_size is DEPRECATED. This option may be removed in future releases, together with the option innodb_use_sys_malloc and with the InnoDB's internal memory allocator.
2021-06-02 14:52:07 9152 [Note] InnoDB: innodb_empty_free_list_algorithm has been changed to legacy because of small buffer pool size. In order to use backoff, increase buffer pool at least up to 20MB.

2021-06-02 14:52:07 9152 [Note] InnoDB: Using mutexes to ref count buffer pool pages
2021-06-02 14:52:07 9152 [Note] InnoDB: The InnoDB memory heap is disabled
2021-06-02 14:52:07 9152 [Note] InnoDB: Mutexes and rw_locks use Windows interlocked functions
2021-06-02 14:52:07 9152 [Note] InnoDB: _mm_lfence() and _mm_sfence() are used for memory barrier
2021-06-02 14:52:07 9152 [Note] InnoDB: Compressed tables use zlib 1.2.11
2021-06-02 14:52:07 9152 [Note] InnoDB: Using generic crc32 instructions
2021-06-02 14:52:07 9152 [Note] InnoDB: Initializing buffer pool, size = 16.0M
2021-06-02 14:52:07 9152 [Note] InnoDB: Completed initialization of buffer pool
2021-06-02 14:52:07 9152 [Note] InnoDB: Highest supported file format is Barracuda.
2021-06-02 14:52:07 9152 [Note] InnoDB: The log sequence number 1835037 in ibdata file do not match the log sequence number 1835077 in the ib_logfiles!
2021-06-02 14:52:08 9152 [Note] InnoDB: Restoring possible half-written data pages from the doublewrite buffer...
2021-06-02 14:52:09 9152 [Note] InnoDB: 128 rollback segment(s) are active.
2021-06-02 14:52:09 9152 [Note] InnoDB: Waiting for purge to start
2021-06-02 14:52:10 9152 [Note] InnoDB:  Percona XtraDB (http://www.percona.com) 5.6.42-84.2 started; log sequence number 1835077
2021-06-02 14:52:10 5312 [Note] InnoDB: Dumping buffer pool(s) not yet started
2021-06-02 14:52:10 9152 [Note] Plugin 'FEEDBACK' is disabled.
2021-06-02 14:52:10 9152 [Note] Server socket created on IP: '::'.
2021-06-02 14:52:10 9152 [Note] c:\users\boss\desktop\wheat\xampp\mysql\bin\mysqld.exe: ready for connections.
Version: '10.1.38-MariaDB'  socket: ''  port: 3306  mariadb.org binary distribution
2021-06-02 14:52:47 26e0 InnoDB: Warning: Using innodb_additional_mem_pool_size is DEPRECATED. This option may be removed in future releases, together with the option innodb_use_sys_malloc and with the InnoDB's internal memory allocator.
2021-06-02 14:52:47 9952 [Note] InnoDB: innodb_empty_free_list_algorithm has been changed to legacy because of small buffer pool size. In order to use backoff, increase buffer pool at least up to 20MB.

2021-06-02 14:52:47 9952 [Note] InnoDB: Using mutexes to ref count buffer pool pages
2021-06-02 14:52:47 9952 [Note] InnoDB: The InnoDB memory heap is disabled
2021-06-02 14:52:47 9952 [Note] InnoDB: Mutexes and rw_locks use Windows interlocked functions
2021-06-02 14:52:47 9952 [Note] InnoDB: _mm_lfence() and _mm_sfence() are used for memory barrier
2021-06-02 14:52:47 9952 [Note] InnoDB: Compressed tables use zlib 1.2.11
2021-06-02 14:52:47 9952 [Note] InnoDB: Using generic crc32 instructions
2021-06-02 14:52:47 9952 [Note] InnoDB: Initializing buffer pool, size = 16.0M
2021-06-02 14:52:47 9952 [Note] InnoDB: Completed initialization of buffer pool
2021-06-02 14:52:47 9952 [Note] InnoDB: Highest supported file format is Barracuda.
2021-06-02 14:52:47 9952 [Note] InnoDB: The log sequence number 1835037 in ibdata file do not match the log sequence number 1835087 in the ib_logfiles!
2021-06-02 14:52:48 9952 [Note] InnoDB: Restoring possible half-written data pages from the doublewrite buffer...
2021-06-02 14:52:49 9952 [Note] InnoDB: 128 rollback segment(s) are active.
2021-06-02 14:52:49 9952 [Note] InnoDB: Waiting for purge to start
2021-06-02 14:52:49 9952 [Note] InnoDB:  Percona XtraDB (http://www.percona.com) 5.6.42-84.2 started; log sequence number 1835087
2021-06-02 14:52:49 8336 [Note] InnoDB: Dumping buffer pool(s) not yet started
2021-06-02 14:52:49 9952 [Note] Plugin 'FEEDBACK' is disabled.
2021-06-02 14:52:49 9952 [Note] Server socket created on IP: '::'.
2021-06-02 14:52:49 9952 [Note] c:\users\boss\desktop\wheat\xampp\mysql\bin\mysqld.exe: ready for connections.
Version: '10.1.38-MariaDB'  socket: ''  port: 3306  mariadb.org binary distribution
2021-06-02 20:56:53 2150 InnoDB: Warning: Using innodb_additional_mem_pool_size is DEPRECATED. This option may be removed in future releases, together with the option innodb_use_sys_malloc and with the InnoDB's internal memory allocator.
2021-06-02 20:56:53 8528 [Note] InnoDB: innodb_empty_free_list_algorithm has been changed to legacy because of small buffer pool size. In order to use backoff, increase buffer pool at least up to 20MB.

2021-06-02 20:56:53 8528 [Note] InnoDB: Using mutexes to ref count buffer pool pages
2021-06-02 20:56:53 8528 [Note] InnoDB: The InnoDB memory heap is disabled
2021-06-02 20:56:53 8528 [Note] InnoDB: Mutexes and rw_locks use Windows interlocked functions
2021-06-02 20:56:53 8528 [Note] InnoDB: _mm_lfence() and _mm_sfence() are used for memory barrier
2021-06-02 20:56:53 8528 [Note] InnoDB: Compressed tables use zlib 1.2.11
2021-06-02 20:56:54 8528 [Note] InnoDB: Using generic crc32 instructions
2021-06-03 13:50:43 1f04 InnoDB: Warning: Using innodb_additional_mem_pool_size is DEPRECATED. This option may be removed in future releases, together with the option innodb_use_sys_malloc and with the InnoDB's internal memory allocator.
2021-06-03 13:50:43 7940 [Note] InnoDB: innodb_empty_free_list_algorithm has been changed to legacy because of small buffer pool size. In order to use backoff, increase buffer pool at least up to 20MB.

2021-06-03 13:50:43 7940 [Note] InnoDB: Using mutexes to ref count buffer pool pages
2021-06-03 13:50:43 7940 [Note] InnoDB: The InnoDB memory heap is disabled
2021-06-03 13:50:43 7940 [Note] InnoDB: Mutexes and rw_locks use Windows interlocked functions
2021-06-03 13:50:43 7940 [Note] InnoDB: _mm_lfence() and _mm_sfence() are used for memory barrier
2021-06-03 13:50:43 7940 [Note] InnoDB: Compressed tables use zlib 1.2.11
2021-06-03 13:50:43 7940 [Note] InnoDB: Using generic crc32 instructions
2021-06-03 13:50:43 7940 [Note] InnoDB: Initializing buffer pool, size = 16.0M
2021-06-03 13:50:43 7940 [Note] InnoDB: Completed initialization of buffer pool
2021-06-03 13:50:43 7940 [Note] InnoDB: Highest supported file format is Barracuda.
2021-06-03 13:50:43 7940 [Note] InnoDB: The log sequence number 1835037 in ibdata file do not match the log sequence number 1835097 in the ib_logfiles!
2021-06-03 13:50:47 7940 [Note] InnoDB: Restoring possible half-written data pages from the doublewrite buffer...
2021-06-03 13:50:50 7940 [Note] InnoDB: 128 rollback segment(s) are active.
2021-06-03 13:50:50 7940 [Note] InnoDB: Waiting for purge to start
2021-06-03 13:50:50 7940 [Note] InnoDB:  Percona XtraDB (http://www.percona.com) 5.6.42-84.2 started; log sequence number 1835097
2021-06-03 13:50:50 6008 [Note] InnoDB: Dumping buffer pool(s) not yet started
2021-06-03 13:50:50 7940 [Note] Plugin 'FEEDBACK' is disabled.
2021-06-03 13:50:50 7940 [Note] Server socket created on IP: '::'.
2021-06-03 13:50:52 7940 [Note] c:\users\boss\desktop\wheat\xampp\mysql\bin\mysqld.exe: ready for connections.
Version: '10.1.38-MariaDB'  socket: ''  port: 3306  mariadb.org binary distribution
2021-06-03 13:51:25 1d50 InnoDB: Warning: Using innodb_additional_mem_pool_size is DEPRECATED. This option may be removed in future releases, together with the option innodb_use_sys_malloc and with the InnoDB's internal memory allocator.
2021-06-03 13:51:25 7504 [Note] InnoDB: innodb_empty_free_list_algorithm has been changed to legacy because of small buffer pool size. In order to use backoff, increase buffer pool at least up to 20MB.

2021-06-03 13:51:25 7504 [Note] InnoDB: Using mutexes to ref count buffer pool pages
2021-06-03 13:51:25 7504 [Note] InnoDB: The InnoDB memory heap is disabled
2021-06-03 13:51:25 7504 [Note] InnoDB: Mutexes and rw_locks use Windows interlocked functions
2021-06-03 13:51:25 7504 [Note] InnoDB: _mm_lfence() and _mm_sfence() are used for memory barrier
2021-06-03 13:51:25 7504 [Note] InnoDB: Compressed tables use zlib 1.2.11
2021-06-03 13:51:25 7504 [Note] InnoDB: Using generic crc32 instructions
2021-06-03 13:51:25 7504 [Note] InnoDB: Initializing buffer pool, size = 16.0M
2021-06-03 13:51:25 7504 [Note] InnoDB: Completed initialization of buffer pool
2021-06-03 13:51:25 7504 [Note] InnoDB: Highest supported file format is Barracuda.
2021-06-03 13:51:26 7504 [Note] InnoDB: The log sequence number 1835037 in ibdata file do not match the log sequence number 1835107 in the ib_logfiles!
2021-06-03 13:51:26 7504 [Note] InnoDB: Restoring possible half-written data pages from the doublewrite buffer...
2021-06-03 13:51:28 7504 [Note] InnoDB: 128 rollback segment(s) are active.
2021-06-03 13:51:28 7504 [Note] InnoDB: Waiting for purge to start
2021-06-03 13:51:28 7504 [Note] InnoDB:  Percona XtraDB (http://www.percona.com) 5.6.42-84.2 started; log sequence number 1835107
2021-06-03 13:51:28 5852 [Note] InnoDB: Dumping buffer pool(s) not yet started
2021-06-03 13:51:28 7504 [Note] Plugin 'FEEDBACK' is disabled.
2021-06-03 13:51:28 7504 [Note] Server socket created on IP: '::'.
2021-06-03 13:51:28 7504 [Note] c:\users\boss\desktop\wheat\xampp\mysql\bin\mysqld.exe: ready for connections.
Version: '10.1.38-MariaDB'  socket: ''  port: 3306  mariadb.org binary distribution
2021-06-03 14:03:35 2230 InnoDB: Warning: Using innodb_additional_mem_pool_size is DEPRECATED. This option may be removed in future releases, together with the option innodb_use_sys_malloc and with the InnoDB's internal memory allocator.
2021-06-03 14:03:35 8752 [Note] InnoDB: innodb_empty_free_list_algorithm has been changed to legacy because of small buffer pool size. In order to use backoff, increase buffer pool at least up to 20MB.

2021-06-03 14:03:35 8752 [Note] InnoDB: Using mutexes to ref count buffer pool pages
2021-06-03 14:03:35 8752 [Note] InnoDB: The InnoDB memory heap is disabled
2021-06-03 14:03:35 8752 [Note] InnoDB: Mutexes and rw_locks use Windows interlocked functions
2021-06-03 14:03:35 8752 [Note] InnoDB: _mm_lfence() and _mm_sfence() are used for memory barrier
2021-06-03 14:03:35 8752 [Note] InnoDB: Compressed tables use zlib 1.2.11
2021-06-03 14:03:35 8752 [Note] InnoDB: Using generic crc32 instructions
2021-06-03 14:03:35 8752 [Note] InnoDB: Initializing buffer pool, size = 16.0M
2021-06-03 14:03:35 8752 [Note] InnoDB: Completed initialization of buffer pool
2021-06-03 14:03:35 8752 [Note] InnoDB: Highest supported file format is Barracuda.
2021-06-03 14:03:35 8752 [Note] InnoDB: The log sequence number 1835037 in ibdata file do not match the log sequence number 1835117 in the ib_logfiles!
2021-06-03 14:03:36 8752 [Note] InnoDB: Restoring possible half-written data pages from the doublewrite buffer...
2021-06-03 14:03:39 8752 [Note] InnoDB: 128 rollback segment(s) are active.
2021-06-03 14:03:39 8752 [Note] InnoDB: Waiting for purge to start
2021-06-03 14:03:39 8752 [Note] InnoDB:  Percona XtraDB (http://www.percona.com) 5.6.42-84.2 started; log sequence number 1835117
2021-06-03 14:03:39 6976 [Note] InnoDB: Dumping buffer pool(s) not yet started
2021-06-03 14:03:39 8752 [Note] Plugin 'FEEDBACK' is disabled.
2021-06-03 14:03:39 8752 [Note] Server socket created on IP: '::'.
2021-06-03 14:03:40 8752 [Note] c:\users\boss\desktop\wheat\xampp\mysql\bin\mysqld.exe: ready for connections.
Version: '10.1.38-MariaDB'  socket: ''  port: 3306  mariadb.org binary distribution
2021-06-03 14:32:38 1b40 InnoDB: Warning: Using innodb_additional_mem_pool_size is DEPRECATED. This option may be removed in future releases, together with the option innodb_use_sys_malloc and with the InnoDB's internal memory allocator.
2021-06-03 14:32:38 6976 [Note] InnoDB: innodb_empty_free_list_algorithm has been changed to legacy because of small buffer pool size. In order to use backoff, increase buffer pool at least up to 20MB.

2021-06-03 14:32:38 6976 [Note] InnoDB: Using mutexes to ref count buffer pool pages
2021-06-03 14:32:38 6976 [Note] InnoDB: The InnoDB memory heap is disabled
2021-06-03 14:32:38 6976 [Note] InnoDB: Mutexes and rw_locks use Windows interlocked functions
2021-06-03 14:32:38 6976 [Note] InnoDB: _mm_lfence() and _mm_sfence() are used for memory barrier
2021-06-03 14:32:38 6976 [Note] InnoDB: Compressed tables use zlib 1.2.11
2021-06-03 14:32:38 6976 [Note] InnoDB: Using generic crc32 instructions
2021-06-03 14:32:38 6976 [Note] InnoDB: Initializing buffer pool, size = 16.0M
2021-06-03 14:32:38 6976 [Note] InnoDB: Completed initialization of buffer pool
2021-06-03 14:32:38 6976 [Note] InnoDB: Highest supported file format is Barracuda.
2021-06-03 14:32:38 6976 [Note] InnoDB: The log sequence number 1835037 in ibdata file do not match the log sequence number 1835127 in the ib_logfiles!
2021-06-03 14:32:39 6976 [Note] InnoDB: Restoring possible half-written data pages from the doublewrite buffer...
2021-06-03 14:32:42 6976 [Note] InnoDB: 128 rollback segment(s) are active.
2021-06-03 14:32:42 6976 [Note] InnoDB: Waiting for purge to start
2021-06-03 14:32:42 6976 [Note] InnoDB:  Percona XtraDB (http://www.percona.com) 5.6.42-84.2 started; log sequence number 1835127
2021-06-03 14:32:42 6492 [Note] InnoDB: Dumping buffer pool(s) not yet started
2021-06-03 14:32:42 6976 [Note] Plugin 'FEEDBACK' is disabled.
2021-06-03 14:32:42 6976 [Note] Server socket created on IP: '::'.
2021-06-03 14:32:44 6976 [Note] c:\users\boss\desktop\wheat\xampp\mysql\bin\mysqld.exe: ready for connections.
Version: '10.1.38-MariaDB'  socket: ''  port: 3306  mariadb.org binary distribution
2021-06-03 14:42:01 128c InnoDB: Warning: Using innodb_additional_mem_pool_size is DEPRECATED. This option may be removed in future releases, together with the option innodb_use_sys_malloc and with the InnoDB's internal memory allocator.
2021-06-03 14:42:01 4748 [Note] InnoDB: innodb_empty_free_list_algorithm has been changed to legacy because of small buffer pool size. In order to use backoff, increase buffer pool at least up to 20MB.

2021-06-03 14:42:01 4748 [Note] InnoDB: Using mutexes to ref count buffer pool pages
2021-06-03 14:42:01 4748 [Note] InnoDB: The InnoDB memory heap is disabled
2021-06-03 14:42:01 4748 [Note] InnoDB: Mutexes and rw_locks use Windows interlocked functions
2021-06-03 14:42:01 4748 [Note] InnoDB: _mm_lfence() and _mm_sfence() are used for memory barrier
2021-06-03 14:42:01 4748 [Note] InnoDB: Compressed tables use zlib 1.2.11
2021-06-03 14:42:01 4748 [Note] InnoDB: Using generic crc32 instructions
2021-06-03 14:42:01 4748 [Note] InnoDB: Initializing buffer pool, size = 16.0M
2021-06-03 14:42:01 4748 [Note] InnoDB: Completed initialization of buffer pool
2021-06-03 14:42:02 4748 [Note] InnoDB: Highest supported file format is Barracuda.
2021-06-03 14:42:02 4748 [Note] InnoDB: The log sequence number 1835037 in ibdata file do not match the log sequence number 1835137 in the ib_logfiles!
2021-06-03 14:42:02 4748 [Note] InnoDB: Restoring possible half-written data pages from the doublewrite buffer...
2021-06-03 14:42:04 4748 [Note] InnoDB: 128 rollback segment(s) are active.
2021-06-03 14:42:04 4748 [Note] InnoDB: Waiting for purge to start
2021-06-03 14:42:04 4748 [Note] InnoDB:  Percona XtraDB (http://www.percona.com) 5.6.42-84.2 started; log sequence number 1835137
2021-06-03 14:42:04 8164 [Note] InnoDB: Dumping buffer pool(s) not yet started
2021-06-03 14:42:04 4748 [Note] Plugin 'FEEDBACK' is disabled.
2021-06-03 14:42:04 4748 [Note] Server socket created on IP: '::'.
2021-06-03 14:42:05 4748 [Note] c:\users\boss\desktop\wheat\xampp\mysql\bin\mysqld.exe: ready for connections.
Version: '10.1.38-MariaDB'  socket: ''  port: 3306  mariadb.org binary distribution
