2:48:43 PM  [main] 	Initializing Control Panel
2:48:43 PM  [main] 	Windows Version: Windows 7 Ultimate SP1 32-bit
2:48:43 PM  [main] 	XAMPP Version: 7.3.2
2:48:43 PM  [main] 	Control Panel Version: 3.2.2  [ Compiled: Nov 12th 2015 ]
2:48:43 PM  [main] 	You are not running with administrator rights! This will work for
2:48:43 PM  [main] 	most application stuff but whenever you do something with services
2:48:43 PM  [main] 	there will be a security dialogue or things will break! So think 
2:48:43 PM  [main] 	about running this application with administrator rights!
2:48:43 PM  [main] 	XAMPP Installation Directory: "c:\users\boss\desktop\wheat\xampp\"
2:48:44 PM  [main] 	Checking for prerequisites
2:49:04 PM  [main] 	All prerequisites found
2:49:04 PM  [main] 	Initializing Modules
2:49:04 PM  [mysql] 	Problem detected!
2:49:04 PM  [mysql] 	Port 3306 in use by "c:\wamp\bin\mysql\mysql5.1.36\bin\mysqld.exe wampmysqld"!
2:49:04 PM  [mysql] 	MySQL WILL NOT start without the configured ports free!
2:49:04 PM  [mysql] 	You need to uninstall/disable/reconfigure the blocking application
2:49:04 PM  [mysql] 	or reconfigure MySQL and the Control Panel to listen on a different port
2:49:04 PM  [main] 	Starting Check-Timer
2:49:04 PM  [main] 	Control Panel Ready
2:49:11 PM  [Apache] 	Attempting to start Apache app...
2:49:12 PM  [Apache] 	Status change detected: running
2:50:38 PM  [Apache] 	Attempting to stop Apache (PID: 9600)
2:50:38 PM  [Apache] 	Attempting to stop Apache (PID: 10052)
2:50:39 PM  [Apache] 	Status change detected: stopped
2:50:43 PM  [Apache] 	Attempting to start Apache app...
2:50:44 PM  [Apache] 	Status change detected: running
2:51:38 PM  [mysql] 	Status change detected: running
5:52:35 PM  [mysql] 	Status change detected: stopped
5:52:35 PM  [mysql] 	Error: MySQL shutdown unexpectedly.
5:52:35 PM  [mysql] 	This may be due to a blocked port, missing dependencies, 
5:52:35 PM  [mysql] 	improper privileges, a crash, or a shutdown by another method.
5:52:35 PM  [mysql] 	Press the Logs button to view error logs and check
5:52:35 PM  [mysql] 	the Windows Event Viewer for more clues
5:52:35 PM  [mysql] 	If you need more help, copy and post this
5:52:35 PM  [mysql] 	entire log window on the forums
5:52:37 PM  [main] 	Deinitializing Modules
5:52:37 PM  [main] 	Deinitializing Control Panel

2:48:35 PM  [main] 	Initializing Control Panel
2:48:36 PM  [main] 	Windows Version: Windows 7 Ultimate SP1 32-bit
2:48:36 PM  [main] 	XAMPP Version: 7.3.2
2:48:36 PM  [main] 	Control Panel Version: 3.2.2  [ Compiled: Nov 12th 2015 ]
2:48:36 PM  [main] 	You are not running with administrator rights! This will work for
2:48:36 PM  [main] 	most application stuff but whenever you do something with services
2:48:36 PM  [main] 	there will be a security dialogue or things will break! So think 
2:48:36 PM  [main] 	about running this application with administrator rights!
2:48:36 PM  [main] 	XAMPP Installation Directory: "c:\users\boss\desktop\wheat\xampp\"
2:48:36 PM  [main] 	Checking for prerequisites
2:49:04 PM  [main] 	All prerequisites found
2:49:04 PM  [main] 	Initializing Modules
2:49:04 PM  [mysql] 	Problem detected!
2:49:04 PM  [mysql] 	Port 3306 in use by "c:\wamp\bin\mysql\mysql5.1.36\bin\mysqld.exe wampmysqld"!
2:49:04 PM  [mysql] 	MySQL WILL NOT start without the configured ports free!
2:49:04 PM  [mysql] 	You need to uninstall/disable/reconfigure the blocking application
2:49:04 PM  [mysql] 	or reconfigure MySQL and the Control Panel to listen on a different port
2:49:04 PM  [main] 	Starting Check-Timer
2:49:04 PM  [main] 	Control Panel Ready
2:49:12 PM  [Apache] 	Status change detected: running
2:50:39 PM  [Apache] 	Status change detected: stopped
2:50:39 PM  [Apache] 	Error: Apache shutdown unexpectedly.
2:50:39 PM  [Apache] 	This may be due to a blocked port, missing dependencies, 
2:50:39 PM  [Apache] 	improper privileges, a crash, or a shutdown by another method.
2:50:39 PM  [Apache] 	Press the Logs button to view error logs and check
2:50:39 PM  [Apache] 	the Windows Event Viewer for more clues
2:50:39 PM  [Apache] 	If you need more help, copy and post this
2:50:39 PM  [Apache] 	entire log window on the forums
2:50:44 PM  [Apache] 	Status change detected: running
2:51:37 PM  [mysql] 	Problem detected!
2:51:37 PM  [mysql] 	Port 3306 in use by "c:\wamp\bin\mysql\mysql5.1.36\bin\mysqld.exe wampmysqld"!
2:51:37 PM  [mysql] 	MySQL WILL NOT start without the configured ports free!
2:51:37 PM  [mysql] 	You need to uninstall/disable/reconfigure the blocking application
2:51:37 PM  [mysql] 	or reconfigure MySQL and the Control Panel to listen on a different port
2:51:37 PM  [mysql] 	Attempting to start MySQL app...
2:51:38 PM  [mysql] 	Status change detected: running
5:52:35 PM  [mysql] 	Status change detected: stopped
5:52:35 PM  [mysql] 	Error: MySQL shutdown unexpectedly.
5:52:35 PM  [mysql] 	This may be due to a blocked port, missing dependencies, 
5:52:35 PM  [mysql] 	improper privileges, a crash, or a shutdown by another method.
5:52:35 PM  [mysql] 	Press the Logs button to view error logs and check
5:52:35 PM  [mysql] 	the Windows Event Viewer for more clues
5:52:35 PM  [mysql] 	If you need more help, copy and post this
5:52:35 PM  [mysql] 	entire log window on the forums
5:52:37 PM  [Apache] 	Status change detected: stopped
5:52:37 PM  [Apache] 	Error: Apache shutdown unexpectedly.
5:52:37 PM  [Apache] 	This may be due to a blocked port, missing dependencies, 
5:52:37 PM  [Apache] 	improper privileges, a crash, or a shutdown by another method.
5:52:37 PM  [Apache] 	Press the Logs button to view error logs and check
5:52:37 PM  [Apache] 	the Windows Event Viewer for more clues
5:52:37 PM  [Apache] 	If you need more help, copy and post this
5:52:37 PM  [Apache] 	entire log window on the forums
5:52:40 PM  [main] 	Deinitializing Modules
5:52:40 PM  [main] 	Deinitializing Control Panel

9:13:08 AM  [main] 	Initializing Control Panel
9:13:08 AM  [main] 	Windows Version: Windows 7 Ultimate SP1 32-bit
9:13:08 AM  [main] 	XAMPP Version: 7.3.2
9:13:08 AM  [main] 	Control Panel Version: 3.2.2  [ Compiled: Nov 12th 2015 ]
9:13:08 AM  [main] 	You are not running with administrator rights! This will work for
9:13:08 AM  [main] 	most application stuff but whenever you do something with services
9:13:08 AM  [main] 	there will be a security dialogue or things will break! So think 
9:13:08 AM  [main] 	about running this application with administrator rights!
9:13:08 AM  [main] 	XAMPP Installation Directory: "c:\users\boss\desktop\wheat\xampp\"
9:13:08 AM  [main] 	Checking for prerequisites
9:13:28 AM  [main] 	All prerequisites found
9:13:28 AM  [main] 	Initializing Modules
9:13:28 AM  [Apache] 	Problem detected!
9:13:28 AM  [Apache] 	Port 80 in use by ""c:\wamp\bin\apache\apache2.2.11\bin\httpd.exe" -k runservice" with PID 2680!
9:13:28 AM  [Apache] 	Apache WILL NOT start without the configured ports free!
9:13:28 AM  [Apache] 	You need to uninstall/disable/reconfigure the blocking application
9:13:28 AM  [Apache] 	or reconfigure Apache and the Control Panel to listen on a different port
9:13:28 AM  [mysql] 	Problem detected!
9:13:28 AM  [mysql] 	Port 3306 in use by "c:\wamp\bin\mysql\mysql5.1.36\bin\mysqld.exe wampmysqld"!
9:13:28 AM  [mysql] 	MySQL WILL NOT start without the configured ports free!
9:13:28 AM  [mysql] 	You need to uninstall/disable/reconfigure the blocking application
9:13:28 AM  [mysql] 	or reconfigure MySQL and the Control Panel to listen on a different port
9:13:28 AM  [main] 	Starting Check-Timer
9:13:28 AM  [main] 	Control Panel Ready
9:13:32 AM  [mysql] 	Problem detected!
9:13:32 AM  [mysql] 	Port 3306 in use by "c:\wamp\bin\mysql\mysql5.1.36\bin\mysqld.exe wampmysqld"!
9:13:32 AM  [mysql] 	MySQL WILL NOT start without the configured ports free!
9:13:32 AM  [mysql] 	You need to uninstall/disable/reconfigure the blocking application
9:13:32 AM  [mysql] 	or reconfigure MySQL and the Control Panel to listen on a different port
9:13:32 AM  [mysql] 	Attempting to start MySQL app...
9:13:33 AM  [mysql] 	Status change detected: running
9:30:12 AM  [mysql] 	Attempting to stop MySQL app...
9:30:13 AM  [mysql] 	Status change detected: stopped
10:15:46 AM  [main] 	Deinitializing Modules
10:15:46 AM  [main] 	Deinitializing Control Panel

10:37:19 AM  [main] 	Initializing Control Panel
10:37:19 AM  [main] 	Windows Version: Windows 7 Ultimate SP1 32-bit
10:37:19 AM  [main] 	XAMPP Version: 7.3.2
10:37:19 AM  [main] 	Control Panel Version: 3.2.2  [ Compiled: Nov 12th 2015 ]
10:37:19 AM  [main] 	You are not running with administrator rights! This will work for
10:37:19 AM  [main] 	most application stuff but whenever you do something with services
10:37:19 AM  [main] 	there will be a security dialogue or things will break! So think 
10:37:19 AM  [main] 	about running this application with administrator rights!
10:37:19 AM  [main] 	XAMPP Installation Directory: "c:\users\boss\desktop\wheat\xampp\"
10:37:19 AM  [main] 	Checking for prerequisites
10:37:32 AM  [main] 	All prerequisites found
10:37:32 AM  [main] 	Initializing Modules
10:37:33 AM  [main] 	Starting Check-Timer
10:37:33 AM  [main] 	Control Panel Ready
9:51:50 PM  [main] 	Deinitializing Modules
9:51:50 PM  [main] 	Deinitializing Control Panel

2:22:51 PM  [main] 	Initializing Control Panel
2:22:51 PM  [main] 	Windows Version: Windows 7 Ultimate SP1 32-bit
2:22:51 PM  [main] 	XAMPP Version: 7.3.2
2:22:51 PM  [main] 	Control Panel Version: 3.2.2  [ Compiled: Nov 12th 2015 ]
2:22:51 PM  [main] 	You are not running with administrator rights! This will work for
2:22:51 PM  [main] 	most application stuff but whenever you do something with services
2:22:51 PM  [main] 	there will be a security dialogue or things will break! So think 
2:22:51 PM  [main] 	about running this application with administrator rights!
2:22:51 PM  [main] 	XAMPP Installation Directory: "c:\users\boss\desktop\wheat\xampp\"
2:22:51 PM  [main] 	Checking for prerequisites
2:23:06 PM  [main] 	All prerequisites found
2:23:06 PM  [main] 	Initializing Modules
2:23:06 PM  [Apache] 	Problem detected!
2:23:06 PM  [Apache] 	Port 80 in use by ""c:\wamp\bin\apache\apache2.2.11\bin\httpd.exe" -k runservice" with PID 736!
2:23:06 PM  [Apache] 	Apache WILL NOT start without the configured ports free!
2:23:06 PM  [Apache] 	You need to uninstall/disable/reconfigure the blocking application
2:23:06 PM  [Apache] 	or reconfigure Apache and the Control Panel to listen on a different port
2:23:06 PM  [mysql] 	Problem detected!
2:23:06 PM  [mysql] 	Port 3306 in use by "c:\wamp\bin\mysql\mysql5.1.36\bin\mysqld.exe wampmysqld"!
2:23:06 PM  [mysql] 	MySQL WILL NOT start without the configured ports free!
2:23:06 PM  [mysql] 	You need to uninstall/disable/reconfigure the blocking application
2:23:06 PM  [mysql] 	or reconfigure MySQL and the Control Panel to listen on a different port
2:23:06 PM  [main] 	Starting Check-Timer
2:23:06 PM  [main] 	Control Panel Ready
2:23:10 PM  [mysql] 	Problem detected!
2:23:10 PM  [mysql] 	Port 3306 in use by "c:\wamp\bin\mysql\mysql5.1.36\bin\mysqld.exe wampmysqld"!
2:23:10 PM  [mysql] 	MySQL WILL NOT start without the configured ports free!
2:23:10 PM  [mysql] 	You need to uninstall/disable/reconfigure the blocking application
2:23:10 PM  [mysql] 	or reconfigure MySQL and the Control Panel to listen on a different port
2:23:10 PM  [mysql] 	Attempting to start MySQL app...
2:23:11 PM  [mysql] 	Status change detected: running
2:47:16 PM  [Apache] 	Problem detected!
2:47:16 PM  [Apache] 	Port 80 in use by ""c:\wamp\bin\apache\apache2.2.11\bin\httpd.exe" -k runservice" with PID 736!
2:47:16 PM  [Apache] 	Apache WILL NOT start without the configured ports free!
2:47:16 PM  [Apache] 	You need to uninstall/disable/reconfigure the blocking application
2:47:16 PM  [Apache] 	or reconfigure Apache and the Control Panel to listen on a different port
2:47:16 PM  [Apache] 	Attempting to start Apache app...
2:47:16 PM  [Apache] 	Status change detected: running
2:47:19 PM  [mysql] 	Attempting to stop MySQL app...
2:47:20 PM  [Apache] 	Attempting to stop Apache (PID: 6532)
2:47:20 PM  [Apache] 	Status change detected: stopped
2:47:20 PM  [mysql] 	Status change detected: stopped
2:47:22 PM  [mysql] 	Problem detected!
2:47:22 PM  [mysql] 	Port 3306 in use by "c:\wamp\bin\mysql\mysql5.1.36\bin\mysqld.exe wampmysqld"!
2:47:22 PM  [mysql] 	MySQL WILL NOT start without the configured ports free!
2:47:22 PM  [mysql] 	You need to uninstall/disable/reconfigure the blocking application
2:47:22 PM  [mysql] 	or reconfigure MySQL and the Control Panel to listen on a different port
2:47:22 PM  [mysql] 	Attempting to start MySQL app...
2:47:22 PM  [mysql] 	Status change detected: running
2:47:26 PM  [mysql] 	Attempting to stop MySQL app...
2:47:26 PM  [mysql] 	Status change detected: stopped
2:49:07 PM  [mysql] 	Problem detected!
2:49:07 PM  [mysql] 	Port 3306 in use by "c:\wamp\bin\mysql\mysql5.1.36\bin\mysqld.exe wampmysqld"!
2:49:07 PM  [mysql] 	MySQL WILL NOT start without the configured ports free!
2:49:07 PM  [mysql] 	You need to uninstall/disable/reconfigure the blocking application
2:49:07 PM  [mysql] 	or reconfigure MySQL and the Control Panel to listen on a different port
2:49:07 PM  [mysql] 	Attempting to start MySQL app...
2:49:07 PM  [mysql] 	Status change detected: running
2:52:02 PM  [mysql] 	Attempting to stop MySQL app...
2:52:02 PM  [mysql] 	Status change detected: stopped
2:52:07 PM  [mysql] 	Problem detected!
2:52:07 PM  [mysql] 	Port 3306 in use by "c:\wamp\bin\mysql\mysql5.1.36\bin\mysqld.exe wampmysqld"!
2:52:07 PM  [mysql] 	MySQL WILL NOT start without the configured ports free!
2:52:07 PM  [mysql] 	You need to uninstall/disable/reconfigure the blocking application
2:52:07 PM  [mysql] 	or reconfigure MySQL and the Control Panel to listen on a different port
2:52:07 PM  [mysql] 	Attempting to start MySQL app...
2:52:07 PM  [mysql] 	Status change detected: running
2:52:41 PM  [mysql] 	Attempting to stop MySQL app...
2:52:42 PM  [mysql] 	Status change detected: stopped
2:52:47 PM  [mysql] 	Problem detected!
2:52:47 PM  [mysql] 	Port 3306 in use by "c:\wamp\bin\mysql\mysql5.1.36\bin\mysqld.exe wampmysqld"!
2:52:47 PM  [mysql] 	MySQL WILL NOT start without the configured ports free!
2:52:47 PM  [mysql] 	You need to uninstall/disable/reconfigure the blocking application
2:52:47 PM  [mysql] 	or reconfigure MySQL and the Control Panel to listen on a different port
2:52:47 PM  [mysql] 	Attempting to start MySQL app...
2:52:47 PM  [mysql] 	Status change detected: running
2:52:53 PM  [mysql] 	Attempting to stop MySQL app...
2:52:54 PM  [mysql] 	Status change detected: stopped
6:22:47 PM  [mysql] 	Problem detected!
6:22:47 PM  [mysql] 	Port 3306 in use by "c:\wamp\bin\mysql\mysql5.1.36\bin\mysqld.exe wampmysqld"!
6:22:47 PM  [mysql] 	MySQL WILL NOT start without the configured ports free!
6:22:47 PM  [mysql] 	You need to uninstall/disable/reconfigure the blocking application
6:22:47 PM  [mysql] 	or reconfigure MySQL and the Control Panel to listen on a different port
6:22:47 PM  [mysql] 	Attempting to start MySQL app...
6:22:47 PM  [mysql] 	Status change detected: running
6:22:49 PM  [mysql] 	Attempting to stop MySQL app...
6:22:49 PM  [mysql] 	Status change detected: stopped
8:56:49 PM  [mysql] 	Problem detected!
8:56:49 PM  [mysql] 	Port 3306 in use by "c:\wamp\bin\mysql\mysql5.1.36\bin\mysqld.exe wampmysqld"!
8:56:49 PM  [mysql] 	MySQL WILL NOT start without the configured ports free!
8:56:49 PM  [mysql] 	You need to uninstall/disable/reconfigure the blocking application
8:56:49 PM  [mysql] 	or reconfigure MySQL and the Control Panel to listen on a different port
8:56:49 PM  [mysql] 	Attempting to start MySQL app...
8:56:49 PM  [mysql] 	Status change detected: running
8:56:50 PM  [Apache] 	Problem detected!
8:56:50 PM  [Apache] 	Port 80 in use by ""c:\wamp\bin\apache\apache2.2.11\bin\httpd.exe" -k runservice" with PID 736!
8:56:50 PM  [Apache] 	Apache WILL NOT start without the configured ports free!
8:56:50 PM  [Apache] 	You need to uninstall/disable/reconfigure the blocking application
8:56:50 PM  [Apache] 	or reconfigure Apache and the Control Panel to listen on a different port
8:56:50 PM  [Apache] 	Attempting to start Apache app...
8:56:50 PM  [Apache] 	Status change detected: running
8:56:53 PM  [mysql] 	Attempting to stop MySQL app...
8:56:54 PM  [mysql] 	Status change detected: stopped
8:56:58 PM  [Apache] 	Status change detected: stopped
8:56:58 PM  [Apache] 	Error: Apache shutdown unexpectedly.
8:56:58 PM  [Apache] 	This may be due to a blocked port, missing dependencies, 
8:56:58 PM  [Apache] 	improper privileges, a crash, or a shutdown by another method.
8:56:58 PM  [Apache] 	Press the Logs button to view error logs and check
8:56:58 PM  [Apache] 	the Windows Event Viewer for more clues
8:56:58 PM  [Apache] 	If you need more help, copy and post this
8:56:58 PM  [Apache] 	entire log window on the forums
9:02:27 PM  [main] 	Deinitializing Modules
9:02:27 PM  [main] 	Deinitializing Control Panel

1:50:10 PM  [main] 	Initializing Control Panel
1:50:10 PM  [main] 	Windows Version: Windows 7 Ultimate SP1 32-bit
1:50:10 PM  [main] 	XAMPP Version: 7.3.2
1:50:10 PM  [main] 	Control Panel Version: 3.2.2  [ Compiled: Nov 12th 2015 ]
1:50:10 PM  [main] 	You are not running with administrator rights! This will work for
1:50:10 PM  [main] 	most application stuff but whenever you do something with services
1:50:10 PM  [main] 	there will be a security dialogue or things will break! So think 
1:50:10 PM  [main] 	about running this application with administrator rights!
1:50:10 PM  [main] 	XAMPP Installation Directory: "c:\users\boss\desktop\wheat\xampp\"
1:50:11 PM  [main] 	Checking for prerequisites
1:50:27 PM  [main] 	All prerequisites found
1:50:27 PM  [main] 	Initializing Modules
1:50:28 PM  [main] 	Starting Check-Timer
1:50:28 PM  [main] 	Control Panel Ready
1:50:35 PM  [Apache] 	Attempting to start Apache app...
1:50:35 PM  [Apache] 	Status change detected: running
1:50:37 PM  [mysql] 	Attempting to start MySQL app...
1:50:37 PM  [mysql] 	Status change detected: running
1:51:19 PM  [mysql] 	Attempting to stop MySQL app...
1:51:19 PM  [mysql] 	Status change detected: stopped
1:51:25 PM  [mysql] 	Attempting to start MySQL app...
1:51:25 PM  [mysql] 	Status change detected: running
2:03:32 PM  [mysql] 	Attempting to stop MySQL app...
2:03:33 PM  [mysql] 	Status change detected: stopped
2:03:34 PM  [mysql] 	Attempting to start MySQL app...
2:03:35 PM  [mysql] 	Status change detected: running
2:03:41 PM  [Apache] 	Attempting to stop Apache (PID: 8176)
2:03:41 PM  [Apache] 	Attempting to stop Apache (PID: 5164)
2:03:41 PM  [Apache] 	Status change detected: stopped
2:03:42 PM  [Apache] 	Attempting to start Apache app...
2:03:42 PM  [Apache] 	Status change detected: running
2:27:08 PM  [mysql] 	Attempting to stop MySQL app...
2:27:08 PM  [mysql] 	Status change detected: stopped
2:32:30 PM  [Apache] 	Attempting to stop Apache (PID: 5876)
2:32:30 PM  [Apache] 	Attempting to stop Apache (PID: 9040)
2:32:32 PM  [Apache] 	Status change detected: stopped
2:32:33 PM  [mysql] 	Problem detected!
2:32:33 PM  [mysql] 	Port 3306 in use by "c:\wamp\bin\mysql\mysql5.1.36\bin\mysqld.exe wampmysqld"!
2:32:33 PM  [mysql] 	MySQL WILL NOT start without the configured ports free!
2:32:33 PM  [mysql] 	You need to uninstall/disable/reconfigure the blocking application
2:32:33 PM  [mysql] 	or reconfigure MySQL and the Control Panel to listen on a different port
2:32:33 PM  [mysql] 	Attempting to start MySQL app...
2:32:33 PM  [mysql] 	Status change detected: running
2:33:37 PM  [mysql] 	Attempting to stop MySQL app...
2:33:37 PM  [mysql] 	Status change detected: stopped
2:41:50 PM  [mysql] 	Problem detected!
2:41:50 PM  [mysql] 	Port 3306 in use by "c:\wamp\bin\mysql\mysql5.1.36\bin\mysqld.exe wampmysqld"!
2:41:50 PM  [mysql] 	MySQL WILL NOT start without the configured ports free!
2:41:50 PM  [mysql] 	You need to uninstall/disable/reconfigure the blocking application
2:41:50 PM  [mysql] 	or reconfigure MySQL and the Control Panel to listen on a different port
2:41:50 PM  [mysql] 	Attempting to start MySQL app...
2:41:50 PM  [mysql] 	Status change detected: running
2:41:51 PM  [Apache] 	Attempting to start Apache app...
2:41:52 PM  [Apache] 	Status change detected: running
2:41:52 PM  [mysql] 	Attempting to stop MySQL app...
2:41:53 PM  [mysql] 	Status change detected: stopped
2:42:00 PM  [Apache] 	Attempting to stop Apache (PID: 2060)
2:42:00 PM  [Apache] 	Status change detected: stopped
2:42:01 PM  [mysql] 	Problem detected!
2:42:01 PM  [mysql] 	Port 3306 in use by "c:\wamp\bin\mysql\mysql5.1.36\bin\mysqld.exe wampmysqld"!
2:42:01 PM  [mysql] 	MySQL WILL NOT start without the configured ports free!
2:42:01 PM  [mysql] 	You need to uninstall/disable/reconfigure the blocking application
2:42:01 PM  [mysql] 	or reconfigure MySQL and the Control Panel to listen on a different port
2:42:01 PM  [mysql] 	Attempting to start MySQL app...
2:42:01 PM  [mysql] 	Status change detected: running
4:07:57 PM  [mysql] 	Attempting to stop MySQL app...
4:07:58 PM  [mysql] 	Status change detected: stopped
4:11:06 PM  [main] 	Deinitializing Modules
4:11:07 PM  [main] 	Deinitializing Control Panel

